[33mWARN[0m[0000] /Users/malechite/Projects/genesys-emporium/docker-compose.yml: the attribute `version` is obsolete, it will be ignored, please remove it to avoid potential confusion 
[1A[1B[0G[?25l[+] Running 1/1
 [32m✔[0m Container genesys-emporium-db  [32mCreated[0m                                                                                                                   [34m0.0s [0m
[?25hAttaching to genesys-emporium-db
[0G7[1B[2K[1B[2K[1B[2K[1B[2K[1B[2K[1B[2K[1B[2K[1B[2K[1B[2K[1B[2K[1B[2K[1B[2K[1B[2K[1B[2K[1B[2K[1B[2K[1B[2K[1B[2K[1B[2K[1B[2K[1B[2K[1B[2K[1B[2K[1B[2K[1B[2K[1B[2K[1B[2K[1B[2K[1B[2K[1B[2K[1B[2K[1B[2K[1B[2K[1B[2K8[36mgenesys-emporium-db  | [0m
[0G7[1B[2K[1B[2K[1B[2K[1B[2K[1B[2K[1B[2K[1B[2K[1B[2K[1B[2K[1B[2K[1B[2K[1B[2K[1B[2K[1B[2K[1B[2K[1B[2K[1B[2K[1B[2K[1B[2K[1B[2K[1B[2K[1B[2K[1B[2K[1B[2K[1B[2K[1B[2K[1B[2K[1B[2K[1B[2K[1B[2K[1B[2K[1B[2K[1B[2K[1B[2K8[2K
[0G[2K
[0G[2A[0G7[34;0H[2K[1;38;2;0;0;0;48;2;255;255;255mv[0m[2m View in Docker Desktop[0m[2m   [0m[1;38;2;0;0;0;48;2;255;255;255mo[0m[2m View Config[0m[2m   [0m[1;38;2;0;0;0;48;2;255;255;255mw[0m[2m Enable Watch[0m[0G8[0G7[1B[2K[1B[2K[1B[2K[1B[2K[1B[2K[1B[2K[1B[2K[1B[2K[1B[2K[1B[2K[1B[2K[1B[2K[1B[2K[1B[2K[1B[2K[1B[2K[1B[2K[1B[2K[1B[2K[1B[2K[1B[2K[1B[2K[1B[2K[1B[2K[1B[2K[1B[2K[1B[2K[1B[2K[1B[2K[1B[2K[1B[2K[1B[2K[1B[2K[1B[2K8[36mgenesys-emporium-db  | [0mPostgreSQL Database directory appears to contain a database; Skipping initialization
[0G7[1B[2K[1B[2K[1B[2K[1B[2K[1B[2K[1B[2K[1B[2K[1B[2K[1B[2K[1B[2K[1B[2K[1B[2K[1B[2K[1B[2K[1B[2K[1B[2K[1B[2K[1B[2K[1B[2K[1B[2K[1B[2K[1B[2K[1B[2K[1B[2K[1B[2K[1B[2K[1B[2K[1B[2K[1B[2K[1B[2K[1B[2K[1B[2K[1B[2K[1B[2K8[2K
[0G[2K
[0G[2A[0G7[34;0H[2K[1;38;2;0;0;0;48;2;255;255;255mv[0m[2m View in Docker Desktop[0m[2m   [0m[1;38;2;0;0;0;48;2;255;255;255mo[0m[2m View Config[0m[2m   [0m[1;38;2;0;0;0;48;2;255;255;255mw[0m[2m Enable Watch[0m[0G8[0G7[1B[2K[1B[2K[1B[2K[1B[2K[1B[2K[1B[2K[1B[2K[1B[2K[1B[2K[1B[2K[1B[2K[1B[2K[1B[2K[1B[2K[1B[2K[1B[2K[1B[2K[1B[2K[1B[2K[1B[2K[1B[2K[1B[2K[1B[2K[1B[2K[1B[2K[1B[2K[1B[2K[1B[2K[1B[2K[1B[2K[1B[2K[1B[2K[1B[2K[1B[2K8[36mgenesys-emporium-db  | [0m
[0G7[1B[2K[1B[2K[1B[2K[1B[2K[1B[2K[1B[2K[1B[2K[1B[2K[1B[2K[1B[2K[1B[2K[1B[2K[1B[2K[1B[2K[1B[2K[1B[2K[1B[2K[1B[2K[1B[2K[1B[2K[1B[2K[1B[2K[1B[2K[1B[2K[1B[2K[1B[2K[1B[2K[1B[2K[1B[2K[1B[2K[1B[2K[1B[2K[1B[2K[1B[2K8[2K
[0G[2K
[0G[2A[0G7[34;0H[2K[1;38;2;0;0;0;48;2;255;255;255mv[0m[2m View in Docker Desktop[0m[2m   [0m[1;38;2;0;0;0;48;2;255;255;255mo[0m[2m View Config[0m[2m   [0m[1;38;2;0;0;0;48;2;255;255;255mw[0m[2m Enable Watch[0m[0G8[0G7[1B[2K[1B[2K[1B[2K[1B[2K[1B[2K[1B[2K[1B[2K[1B[2K[1B[2K[1B[2K[1B[2K[1B[2K[1B[2K[1B[2K[1B[2K[1B[2K[1B[2K[1B[2K[1B[2K[1B[2K[1B[2K[1B[2K[1B[2K[1B[2K[1B[2K[1B[2K[1B[2K[1B[2K[1B[2K[1B[2K[1B[2K[1B[2K[1B[2K[1B[2K8[36mgenesys-emporium-db  | [0m2025-10-23 20:17:46.174 UTC [1] LOG:  starting PostgreSQL 16.10 on aarch64-unknown-linux-musl, compiled by gcc (Alpine 14.2.0) 14.2.0, 64-bit
[0G7[1B[2K[1B[2K[1B[2K[1B[2K[1B[2K[1B[2K[1B[2K[1B[2K[1B[2K[1B[2K[1B[2K[1B[2K[1B[2K[1B[2K[1B[2K[1B[2K[1B[2K[1B[2K[1B[2K[1B[2K[1B[2K[1B[2K[1B[2K[1B[2K[1B[2K[1B[2K[1B[2K[1B[2K[1B[2K[1B[2K[1B[2K[1B[2K[1B[2K[1B[2K8[2K
[0G[2K
[0G[2A[0G7[34;0H[2K[1;38;2;0;0;0;48;2;255;255;255mv[0m[2m View in Docker Desktop[0m[2m   [0m[1;38;2;0;0;0;48;2;255;255;255mo[0m[2m View Config[0m[2m   [0m[1;38;2;0;0;0;48;2;255;255;255mw[0m[2m Enable Watch[0m[0G8[0G7[1B[2K[1B[2K[1B[2K[1B[2K[1B[2K[1B[2K[1B[2K[1B[2K[1B[2K[1B[2K[1B[2K[1B[2K[1B[2K[1B[2K[1B[2K[1B[2K[1B[2K[1B[2K[1B[2K[1B[2K[1B[2K[1B[2K[1B[2K[1B[2K[1B[2K[1B[2K[1B[2K[1B[2K[1B[2K[1B[2K[1B[2K[1B[2K[1B[2K[1B[2K8[36mgenesys-emporium-db  | [0m2025-10-23 20:17:46.174 UTC [1] LOG:  listening on IPv4 address "0.0.0.0", port 5432
[0G7[1B[2K[1B[2K[1B[2K[1B[2K[1B[2K[1B[2K[1B[2K[1B[2K[1B[2K[1B[2K[1B[2K[1B[2K[1B[2K[1B[2K[1B[2K[1B[2K[1B[2K[1B[2K[1B[2K[1B[2K[1B[2K[1B[2K[1B[2K[1B[2K[1B[2K[1B[2K[1B[2K[1B[2K[1B[2K[1B[2K[1B[2K[1B[2K[1B[2K[1B[2K8[2K
[0G[2K
[0G[2A[0G7[34;0H[2K[1;38;2;0;0;0;48;2;255;255;255mv[0m[2m View in Docker Desktop[0m[2m   [0m[1;38;2;0;0;0;48;2;255;255;255mo[0m[2m View Config[0m[2m   [0m[1;38;2;0;0;0;48;2;255;255;255mw[0m[2m Enable Watch[0m[0G8[0G7[1B[2K[1B[2K[1B[2K[1B[2K[1B[2K[1B[2K[1B[2K[1B[2K[1B[2K[1B[2K[1B[2K[1B[2K[1B[2K[1B[2K[1B[2K[1B[2K[1B[2K[1B[2K[1B[2K[1B[2K[1B[2K[1B[2K[1B[2K[1B[2K[1B[2K[1B[2K[1B[2K[1B[2K[1B[2K[1B[2K[1B[2K[1B[2K[1B[2K[1B[2K8[36mgenesys-emporium-db  | [0m2025-10-23 20:17:46.174 UTC [1] LOG:  listening on IPv6 address "::", port 5432
[0G7[1B[2K[1B[2K[1B[2K[1B[2K[1B[2K[1B[2K[1B[2K[1B[2K[1B[2K[1B[2K[1B[2K[1B[2K[1B[2K[1B[2K[1B[2K[1B[2K[1B[2K[1B[2K[1B[2K[1B[2K[1B[2K[1B[2K[1B[2K[1B[2K[1B[2K[1B[2K[1B[2K[1B[2K[1B[2K[1B[2K[1B[2K[1B[2K[1B[2K[1B[2K8[2K
[0G[2K
[0G[2A[0G7[34;0H[2K[1;38;2;0;0;0;48;2;255;255;255mv[0m[2m View in Docker Desktop[0m[2m   [0m[1;38;2;0;0;0;48;2;255;255;255mo[0m[2m View Config[0m[2m   [0m[1;38;2;0;0;0;48;2;255;255;255mw[0m[2m Enable Watch[0m[0G8[0G7[1B[2K[1B[2K[1B[2K[1B[2K[1B[2K[1B[2K[1B[2K[1B[2K[1B[2K[1B[2K[1B[2K[1B[2K[1B[2K[1B[2K[1B[2K[1B[2K[1B[2K[1B[2K[1B[2K[1B[2K[1B[2K[1B[2K[1B[2K[1B[2K[1B[2K[1B[2K[1B[2K[1B[2K[1B[2K[1B[2K[1B[2K[1B[2K[1B[2K[1B[2K8[36mgenesys-emporium-db  | [0m2025-10-23 20:17:46.176 UTC [1] LOG:  listening on Unix socket "/var/run/postgresql/.s.PGSQL.5432"
[0G7[1B[2K[1B[2K[1B[2K[1B[2K[1B[2K[1B[2K[1B[2K[1B[2K[1B[2K[1B[2K[1B[2K[1B[2K[1B[2K[1B[2K[1B[2K[1B[2K[1B[2K[1B[2K[1B[2K[1B[2K[1B[2K[1B[2K[1B[2K[1B[2K[1B[2K[1B[2K[1B[2K[1B[2K[1B[2K[1B[2K[1B[2K[1B[2K[1B[2K[1B[2K8[2K
[0G[2K
[0G[2A[0G7[34;0H[2K[1;38;2;0;0;0;48;2;255;255;255mv[0m[2m View in Docker Desktop[0m[2m   [0m[1;38;2;0;0;0;48;2;255;255;255mo[0m[2m View Config[0m[2m   [0m[1;38;2;0;0;0;48;2;255;255;255mw[0m[2m Enable Watch[0m[0G8[0G7[1B[2K[1B[2K[1B[2K[1B[2K[1B[2K[1B[2K[1B[2K[1B[2K[1B[2K[1B[2K[1B[2K[1B[2K[1B[2K[1B[2K[1B[2K[1B[2K[1B[2K[1B[2K[1B[2K[1B[2K[1B[2K[1B[2K[1B[2K[1B[2K[1B[2K[1B[2K[1B[2K[1B[2K[1B[2K[1B[2K[1B[2K[1B[2K[1B[2K[1B[2K8[36mgenesys-emporium-db  | [0m2025-10-23 20:17:46.177 UTC [29] LOG:  database system was shut down at 2025-10-23 20:17:14 UTC
[0G7[1B[2K[1B[2K[1B[2K[1B[2K[1B[2K[1B[2K[1B[2K[1B[2K[1B[2K[1B[2K[1B[2K[1B[2K[1B[2K[1B[2K[1B[2K[1B[2K[1B[2K[1B[2K[1B[2K[1B[2K[1B[2K[1B[2K[1B[2K[1B[2K[1B[2K[1B[2K[1B[2K[1B[2K[1B[2K[1B[2K[1B[2K[1B[2K[1B[2K[1B[2K8[2K
[0G[2K
[0G[2A[0G7[34;0H[2K[1;38;2;0;0;0;48;2;255;255;255mv[0m[2m View in Docker Desktop[0m[2m   [0m[1;38;2;0;0;0;48;2;255;255;255mo[0m[2m View Config[0m[2m   [0m[1;38;2;0;0;0;48;2;255;255;255mw[0m[2m Enable Watch[0m[0G8[0G7[1B[2K[1B[2K[1B[2K[1B[2K[1B[2K[1B[2K[1B[2K[1B[2K[1B[2K[1B[2K[1B[2K[1B[2K[1B[2K[1B[2K[1B[2K[1B[2K[1B[2K[1B[2K[1B[2K[1B[2K[1B[2K[1B[2K[1B[2K[1B[2K[1B[2K[1B[2K[1B[2K[1B[2K[1B[2K[1B[2K[1B[2K[1B[2K[1B[2K[1B[2K8[36mgenesys-emporium-db  | [0m2025-10-23 20:17:46.180 UTC [1] LOG:  database system is ready to accept connections
[0G7[1B[2K[1B[2K[1B[2K[1B[2K[1B[2K[1B[2K[1B[2K[1B[2K[1B[2K[1B[2K[1B[2K[1B[2K[1B[2K[1B[2K[1B[2K[1B[2K[1B[2K[1B[2K[1B[2K[1B[2K[1B[2K[1B[2K[1B[2K[1B[2K[1B[2K[1B[2K[1B[2K[1B[2K[1B[2K[1B[2K[1B[2K[1B[2K[1B[2K[1B[2K8[2K
[0G[2K
[0G[2A[0G7[34;0H[2K[1;38;2;0;0;0;48;2;255;255;255mv[0m[2m View in Docker Desktop[0m[2m   [0m[1;38;2;0;0;0;48;2;255;255;255mo[0m[2m View Config[0m[2m   [0m[1;38;2;0;0;0;48;2;255;255;255mw[0m[2m Enable Watch[0m[0G8